<?xml version="1.0" encoding="UTF-8"?>
<!-- Generated by org.testng.reporters.JUnitReportReporter -->
<testsuite hostname="Rafas_laptop" failures="0" tests="1" name="pagesTest.HomePageTest" time="7.169" errors="0" timestamp="2023-11-13T17:16:43 MST" skipped="0">
  <testcase classname="pagesTest.HomePageTest" name="autoTest" time="7.169"/>
</testsuite> <!-- pagesTest.HomePageTest -->
