<?xml version="1.0" encoding="UTF-8"?>
<!-- Generated by org.testng.reporters.JUnitReportReporter -->
<testsuite hostname="ruhul" failures="0" tests="2" name="pagesTest.HomePageTest" time="12.023" errors="0" timestamp="2023-11-22T18:03:46 EST" skipped="1">
  <testcase classname="pagesTest.HomePageTest" name="autoTest" time="12.023"/>
  <testcase classname="pagesTest.HomePageTest" name="inputTextInUserIdFieldTest">
    <skipped/>
  </testcase> <!-- inputTextInUserIdFieldTest -->
</testsuite> <!-- pagesTest.HomePageTest -->
